<?xml version="1.0" encoding="UTF-8"?>
<testsuite xmlns:xsi="http://www.w3.org/2001/XMLSchema-instance" xsi:noNamespaceSchemaLocation="https://maven.apache.org/surefire/maven-surefire-plugin/xsd/surefire-test-report-3.0.xsd" version="3.0" name="de.eahjena.wi.workflowmanager.events.EventManagerTest" time="0.071" tests="1" errors="0" skipped="0" failures="0">
  <properties>
[...]
</properties>
  <testcase name="test" classname="de.eahjena.wi.workflowmanager.events.EventManagerTest" time="0.07">
    <system-out><![CDATA[13:28:16.713 [main] DEBUG de.eahjena.wi.workflowmanager.events.EventManager - Connecting to broker: tcp://localhost:1883
13:28:16.720 [main] DEBUG de.eahjena.wi.workflowmanager.events.EventManager - Connected
13:28:16.720 [main] DEBUG de.eahjena.wi.workflowmanager.events.EventManager - subscribing topic: 'workflow/#'
13:28:16.722 [main] DEBUG de.eahjena.wi.workflowmanager.events.EventManager - Publishing message: topic:'workflow/tasklist' message:'Hey Nico'
13:28:16.722 [MQTT Call: NicoEclipseTest] DEBUG de.eahjena.wi.workflowmanager.events.EventManager - Message arrived... topic:'workflow/tasklist' message:'Hey Nico'
13:28:16.722 [MQTT Call: NicoEclipseTest] DEBUG de.eahjena.wi.workflowmanager.events.EventManagerTest - new message arrived: topic: 'workflow/tasklist' message: 'Hey Nico'
13:28:16.723 [MQTT Call: NicoEclipseTest] DEBUG de.eahjena.wi.workflowmanager.events.EventManager - Message arrived... topic:'workflow/tasklist/user/alex' message:'{"userId":"alex","groupId":null,"tasks":null}'
13:28:16.723 [MQTT Call: NicoEclipseTest] DEBUG de.eahjena.wi.workflowmanager.events.EventManagerTest - new message arrived: topic: 'workflow/tasklist/user/alex' message: '{"userId":"alex","groupId":null,"tasks":null}'
13:28:16.723 [MQTT Call: NicoEclipseTest] DEBUG de.eahjena.wi.workflowmanager.events.EventManager - Message arrived... topic:'workflow/tasklist/user/service' message:'{"userId":"service","groupId":"service","tasks":[{"id":"10","name":"Juice","productId":"77","startTime":1715076163000,"components":[{"id":"1","name":"Fruit juice","value":"Orange juice"}]},{"id":"32510","name":"Juice","productId":"81","startTime":1715077987000,"components":[{"id":"1","name":"Fruit juice","value":"Orange juice"}]},{"id":"42517","name":"Juice","productId":"84","startTime":1715079345000,"components":[{"id":"1","name":"Fruit juice","value":"Orange juice"}]},{"id":"42524","name":"Juice","productId":"85","startTime":1715079394000,"components":[{"id":"1","name":"Fruit juice","value":"Orange juice"}]},{"id":"47513","name":"Puree","productId":"80","startTime":1715079539000,"components":[{"id":"2","name":"Fruit puree","value":"Mango puree"}]},{"id":"47516","name":"Puree","productId":"82","startTime":1715079573000,"components":[{"id":"2","name":"Fruit puree","value":"Mango puree"}]},{"id":"67521","name":"Pieces","productId":"87","startTime":1715080064000,"components":[{"id":"3","name":"Fruit pieces","value":"Raspberries"}]}]}'
13:28:16.723 [MQTT Call: NicoEclipseTest] DEBUG de.eahjena.wi.workflowmanager.events.EventManagerTest - new message arrived: topic: 'workflow/tasklist/user/service' message: '{"userId":"service","groupId":"service","tasks":[{"id":"10","name":"Juice","productId":"77","startTime":1715076163000,"components":[{"id":"1","name":"Fruit juice","value":"Orange juice"}]},{"id":"32510","name":"Juice","productId":"81","startTime":1715077987000,"components":[{"id":"1","name":"Fruit juice","value":"Orange juice"}]},{"id":"42517","name":"Juice","productId":"84","startTime":1715079345000,"components":[{"id":"1","name":"Fruit juice","value":"Orange juice"}]},{"id":"42524","name":"Juice","productId":"85","startTime":1715079394000,"components":[{"id":"1","name":"Fruit juice","value":"Orange juice"}]},{"id":"47513","name":"Puree","productId":"80","startTime":1715079539000,"components":[{"id":"2","name":"Fruit puree","value":"Mango puree"}]},{"id":"47516","name":"Puree","productId":"82","startTime":1715079573000,"components":[{"id":"2","name":"Fruit puree","value":"Mango puree"}]},{"id":"67521","name":"Pieces","productId":"87","startTime":1715080064000,"components":[{"id":"3","name":"Fruit pieces","value":"Raspberries"}]}]}'
13:28:16.723 [MQTT Call: NicoEclipseTest] DEBUG de.eahjena.wi.workflowmanager.events.EventManager - Message arrived... topic:'workflow/tasklist/user/17' message:'{"userId":"17","groupId":null,"tasks":null}'
13:28:16.723 [MQTT Call: NicoEclipseTest] DEBUG de.eahjena.wi.workflowmanager.events.EventManagerTest - new message arrived: topic: 'workflow/tasklist/user/17' message: '{"userId":"17","groupId":null,"tasks":null}'
13:28:16.723 [MQTT Call: NicoEclipseTest] DEBUG de.eahjena.wi.workflowmanager.events.EventManager - Message arrived... topic:'workflow/mytasklist/user/alex' message:'{"userId":"alex","groupId":null,"tasks":null}'
13:28:16.723 [MQTT Call: NicoEclipseTest] DEBUG de.eahjena.wi.workflowmanager.events.EventManagerTest - new message arrived: topic: 'workflow/mytasklist/user/alex' message: '{"userId":"alex","groupId":null,"tasks":null}'
13:28:16.723 [MQTT Call: NicoEclipseTest] DEBUG de.eahjena.wi.workflowmanager.events.EventManager - Message arrived... topic:'workflow/mytasklist/user/service' message:'{"userId":"service","groupId":null,"tasks":[{"id":"42510","name":"Juice","productId":"83","startTime":1715078992000,"components":[{"id":"1","name":"Fruit juice","value":"Orange juice"}]}]}'
13:28:16.723 [MQTT Call: NicoEclipseTest] DEBUG de.eahjena.wi.workflowmanager.events.EventManagerTest - new message arrived: topic: 'workflow/mytasklist/user/service' message: '{"userId":"service","groupId":null,"tasks":[{"id":"42510","name":"Juice","productId":"83","startTime":1715078992000,"components":[{"id":"1","name":"Fruit juice","value":"Orange juice"}]}]}'
13:28:16.723 [main] DEBUG de.eahjena.wi.workflowmanager.events.EventManager - Message published
13:28:16.723 [MQTT Call: NicoEclipseTest] DEBUG de.eahjena.wi.workflowmanager.events.EventManager - Message arrived... topic:'workflow/mytasklist/user/17' message:'{"userId":"17","groupId":null,"tasks":null}'
13:28:16.723 [MQTT Call: NicoEclipseTest] DEBUG de.eahjena.wi.workflowmanager.events.EventManagerTest - new message arrived: topic: 'workflow/mytasklist/user/17' message: '{"userId":"17","groupId":null,"tasks":null}'
13:28:16.723 [MQTT Call: NicoEclipseTest] DEBUG de.eahjena.wi.workflowmanager.events.EventManager - Message arrived... topic:'workflow/tasklist' message:'Hey Nico'
13:28:16.723 [MQTT Call: NicoEclipseTest] DEBUG de.eahjena.wi.workflowmanager.events.EventManagerTest - new message arrived: topic: 'workflow/tasklist' message: 'Hey Nico'
13:28:16.725 [main] DEBUG de.eahjena.wi.workflowmanager.events.EventManager - Disconnected
]]></system-out>
  </testcase>
</testsuite>